[2021-05-12 11:54:14.314] [exthost] [info] extension host started
[2021-05-12 11:54:14.396] [exthost] [info] ExtensionService#_doActivateExtension aaron-bond.better-comments {"startup":false,"extensionId":{"value":"aaron-bond.better-comments","_lower":"aaron-bond.better-comments"},"activationEvent":"onLanguage:plaintext"}
[2021-05-12 11:54:14.397] [exthost] [info] ExtensionService#loadCommonJSModule file:///home/theorytoe/.vscode-oss/extensions/aaron-bond.better-comments-2.1.0/out/extension
[2021-05-12 11:54:14.602] [exthost] [info] ExtensionService#_doActivateExtension vscode.extension-editing {"startup":false,"extensionId":{"value":"vscode.extension-editing","_lower":"vscode.extension-editing"},"activationEvent":"onLanguage:markdown"}
[2021-05-12 11:54:14.603] [exthost] [info] ExtensionService#loadCommonJSModule file:///usr/lib/code-oss/resources/app/extensions/extension-editing/dist/extensionEditingMain
[2021-05-12 11:54:14.976] [exthost] [info] ExtensionService#_doActivateExtension vscode.markdown-language-features {"startup":false,"extensionId":{"value":"vscode.markdown-language-features","_lower":"vscode.markdown-language-features"},"activationEvent":"onLanguage:markdown"}
[2021-05-12 11:54:14.976] [exthost] [info] ExtensionService#loadCommonJSModule file:///usr/lib/code-oss/resources/app/extensions/markdown-language-features/dist/extension
[2021-05-12 11:54:15.468] [exthost] [info] ExtensionService#_doActivateExtension vscode.debug-auto-launch {"startup":true,"extensionId":{"value":"vscode.debug-auto-launch","_lower":"vscode.debug-auto-launch"},"activationEvent":"*"}
[2021-05-12 11:54:15.469] [exthost] [info] ExtensionService#loadCommonJSModule file:///usr/lib/code-oss/resources/app/extensions/debug-auto-launch/dist/extension
[2021-05-12 11:54:15.623] [exthost] [info] ExtensionService#_doActivateExtension vscode.git {"startup":true,"extensionId":{"value":"vscode.github","_lower":"vscode.github"},"activationEvent":"*"}
[2021-05-12 11:54:15.624] [exthost] [info] ExtensionService#loadCommonJSModule file:///usr/lib/code-oss/resources/app/extensions/git/dist/main
[2021-05-12 11:54:15.861] [exthost] [info] ExtensionService#_doActivateExtension alefragnani.project-manager {"startup":true,"extensionId":{"value":"alefragnani.project-manager","_lower":"alefragnani.project-manager"},"activationEvent":"*"}
[2021-05-12 11:54:15.861] [exthost] [info] ExtensionService#loadCommonJSModule file:///home/theorytoe/.vscode-oss/extensions/alefragnani.project-manager-12.1.0/dist/extension
[2021-05-12 11:54:15.980] [exthost] [info] ExtensionService#_doActivateExtension ecmel.vscode-html-css {"startup":true,"extensionId":{"value":"ecmel.vscode-html-css","_lower":"ecmel.vscode-html-css"},"activationEvent":"*"}
[2021-05-12 11:54:15.980] [exthost] [info] ExtensionService#loadCommonJSModule file:///home/theorytoe/.vscode-oss/extensions/ecmel.vscode-html-css-1.10.2/dist/extension.js
[2021-05-12 11:54:16.177] [exthost] [info] ExtensionService#_doActivateExtension GitHub.vscode-pull-request-github {"startup":true,"extensionId":{"value":"GitHub.vscode-pull-request-github","_lower":"github.vscode-pull-request-github"},"activationEvent":"*"}
[2021-05-12 11:54:16.177] [exthost] [info] ExtensionService#loadCommonJSModule file:///home/theorytoe/.vscode-oss/extensions/github.vscode-pull-request-github-0.25.1/dist/extension
[2021-05-12 11:54:16.723] [exthost] [info] ExtensionService#_doActivateExtension icrawl.discord-vscode {"startup":true,"extensionId":{"value":"icrawl.discord-vscode","_lower":"icrawl.discord-vscode"},"activationEvent":"*"}
[2021-05-12 11:54:16.723] [exthost] [info] ExtensionService#loadCommonJSModule file:///home/theorytoe/.vscode-oss/extensions/icrawl.discord-vscode-5.6.3/dist/extension
[2021-05-12 11:54:16.831] [exthost] [info] ExtensionService#_doActivateExtension KnisterPeter.vscode-github {"startup":true,"extensionId":{"value":"KnisterPeter.vscode-github","_lower":"knisterpeter.vscode-github"},"activationEvent":"*"}
[2021-05-12 11:54:16.831] [exthost] [info] ExtensionService#loadCommonJSModule file:///home/theorytoe/.vscode-oss/extensions/knisterpeter.vscode-github-0.30.6/out/src/main
[2021-05-12 11:54:21.145] [exthost] [error] Activating extension icrawl.discord-vscode failed due to an error:
[2021-05-12 11:54:21.145] [exthost] [error] TypeError: Cannot read property 'write' of null
	at IPCTransport.send (/home/theorytoe/.vscode-oss/extensions/icrawl.discord-vscode-5.6.3/dist/extension.js:2:22224)
	at /home/theorytoe/.vscode-oss/extensions/icrawl.discord-vscode-5.6.3/dist/extension.js:2:22311
	at new Promise (<anonymous>)
	at IPCTransport.close (/home/theorytoe/.vscode-oss/extensions/icrawl.discord-vscode-5.6.3/dist/extension.js:2:22268)
	at RPCClient.destroy (/home/theorytoe/.vscode-oss/extensions/icrawl.discord-vscode-5.6.3/dist/extension.js:2:15981)
	at login (/home/theorytoe/.vscode-oss/extensions/icrawl.discord-vscode-5.6.3/dist/extension.js:2:142647)
	at processTicksAndRejections (internal/process/task_queues.js:97:5)
	at async activate (/home/theorytoe/.vscode-oss/extensions/icrawl.discord-vscode-5.6.3/dist/extension.js:2:144474)
	at async Promise.all (index 5)
	at async Promise.all (index 0)
[2021-05-12 11:54:21.490] [exthost] [info] ExtensionService#_doActivateExtension vscode.github-authentication {"startup":false,"extensionId":{"value":"vscode.github-authentication","_lower":"vscode.github-authentication"},"activationEvent":"onAuthenticationRequest:github"}
[2021-05-12 11:54:21.491] [exthost] [info] ExtensionService#loadCommonJSModule file:///usr/lib/code-oss/resources/app/extensions/github-authentication/dist/extension.js
[2021-05-12 11:54:21.903] [exthost] [info] ExtensionService#_doActivateExtension vscode.github {"startup":true,"extensionId":{"value":"vscode.github","_lower":"vscode.github"},"activationEvent":"*"}
[2021-05-12 11:54:21.904] [exthost] [info] ExtensionService#loadCommonJSModule file:///usr/lib/code-oss/resources/app/extensions/github/dist/extension.js
[2021-05-12 11:54:22.078] [exthost] [info] ExtensionService#_doActivateExtension ms-vscode.js-debug {"startup":false,"extensionId":{"value":"ms-vscode.js-debug","_lower":"ms-vscode.js-debug"},"activationEvent":"onCommand:extension.js-debug.clearAutoAttachVariables"}
[2021-05-12 11:54:22.078] [exthost] [info] ExtensionService#loadCommonJSModule file:///usr/lib/code-oss/resources/app/extensions/ms-vscode.js-debug/src/extension.js
[2021-05-12 11:54:23.414] [exthost] [info] eager extensions activated
[2021-05-12 11:54:23.497] [exthost] [info] ExtensionService#_doActivateExtension vscode.emmet {"startup":false,"extensionId":{"value":"vscode.emmet","_lower":"vscode.emmet"},"activationEvent":"onStartupFinished"}
[2021-05-12 11:54:23.497] [exthost] [info] ExtensionService#loadCommonJSModule file:///usr/lib/code-oss/resources/app/extensions/emmet/dist/node/emmetNodeMain
[2021-05-12 11:54:23.814] [exthost] [info] ExtensionService#_doActivateExtension vscode.merge-conflict {"startup":false,"extensionId":{"value":"vscode.merge-conflict","_lower":"vscode.merge-conflict"},"activationEvent":"onStartupFinished"}
[2021-05-12 11:54:23.814] [exthost] [info] ExtensionService#loadCommonJSModule file:///usr/lib/code-oss/resources/app/extensions/merge-conflict/dist/mergeConflictMain
[2021-05-12 11:54:23.929] [exthost] [info] ExtensionService#_doActivateExtension vscode.testing-editor-contributions {"startup":false,"extensionId":{"value":"vscode.testing-editor-contributions","_lower":"vscode.testing-editor-contributions"},"activationEvent":"onStartupFinished"}
[2021-05-12 11:54:23.929] [exthost] [info] ExtensionService#loadCommonJSModule file:///usr/lib/code-oss/resources/app/extensions/testing-editor-contributions/dist/extension.js
[2021-05-12 11:54:23.965] [exthost] [info] ExtensionService#_doActivateExtension eamodio.gitlens {"startup":false,"extensionId":{"value":"eamodio.gitlens","_lower":"eamodio.gitlens"},"activationEvent":"onStartupFinished"}
[2021-05-12 11:54:23.966] [exthost] [info] ExtensionService#loadCommonJSModule file:///home/theorytoe/.vscode-oss/extensions/eamodio.gitlens-11.4.1/dist/gitlens
[2021-05-12 11:56:28.651] [exthost] [info] ExtensionService#_doActivateExtension vscode.configuration-editing {"startup":false,"extensionId":{"value":"vscode.configuration-editing","_lower":"vscode.configuration-editing"},"activationEvent":"onLanguage:jsonc"}
[2021-05-12 11:56:28.651] [exthost] [info] ExtensionService#loadCommonJSModule file:///usr/lib/code-oss/resources/app/extensions/configuration-editing/dist/configurationEditingMain
[2021-05-12 11:56:28.901] [exthost] [info] ExtensionService#_doActivateExtension vscode.json-language-features {"startup":false,"extensionId":{"value":"vscode.json-language-features","_lower":"vscode.json-language-features"},"activationEvent":"onLanguage:jsonc"}
[2021-05-12 11:56:28.902] [exthost] [info] ExtensionService#loadCommonJSModule file:///usr/lib/code-oss/resources/app/extensions/json-language-features/client/dist/node/jsonClientMain
[2021-05-12 11:56:29.316] [exthost] [info] ExtensionService#_doActivateExtension vscode.typescript-language-features {"startup":false,"extensionId":{"value":"vscode.typescript-language-features","_lower":"vscode.typescript-language-features"},"activationEvent":"onLanguage:jsonc"}
[2021-05-12 11:56:29.316] [exthost] [info] ExtensionService#loadCommonJSModule file:///usr/lib/code-oss/resources/app/extensions/typescript-language-features/dist/extension
[2021-05-12 11:56:34.283] [exthost] [warning] TextEditor is closed/disposed
[2021-05-12 14:02:17.062] [exthost] [info] extension host terminating: received terminate message from renderer
[2021-05-12 14:02:18.135] [exthost] [info] exiting with code 0
