Looking for git in: git
Using git 2.31.1 from git
> git rev-parse --git-dir
Open repository: /home/theorytoe/Code/sire-py
> git status -z -u
> git check-ignore -v -z --stdin
> git symbolic-ref --short HEAD
> git for-each-ref --format=%(refname)%00%(upstream:short)%00%(upstream:track)%00%(objectname) refs/heads/master refs/remotes/master
> git for-each-ref --sort -committerdate --format %(refname) %(objectname) %(*objectname)
> git remote --verbose
> git config --get commit.template
> git show --textconv :cogs/modtools.py
> git ls-files --stage -- /home/theorytoe/Code/sire-py/cogs/modtools.py
> git cat-file -s 0a2df92cdb8a4943c930e9e4fe94f3032df503a9
> git config --local branch.master.github-pr-owner-number
> git status -z -u
> git symbolic-ref --short HEAD
> git for-each-ref --format=%(refname)%00%(upstream:short)%00%(upstream:track)%00%(objectname) refs/heads/master refs/remotes/master
> git for-each-ref --sort -committerdate --format %(refname) %(objectname) %(*objectname)
> git remote --verbose
> git check-ignore -v -z --stdin
> git config --get commit.template
> git show --textconv :cogs/redditScraper.py
> git ls-files --stage -- /home/theorytoe/Code/sire-py/cogs/redditScraper.py
> git show --textconv :bot.py
> git ls-files --stage -- /home/theorytoe/Code/sire-py/bot.py
> git cat-file -s 564622ed98cf96c81b66fdaf671a14a910eb6b5e
> git show --textconv :cogs/redditScraper.py
> git ls-files --stage -- /home/theorytoe/Code/sire-py/cogs/redditScraper.py
> git status -z -u
> git symbolic-ref --short HEAD
> git for-each-ref --format=%(refname)%00%(upstream:short)%00%(upstream:track)%00%(objectname) refs/heads/master refs/remotes/master
> git for-each-ref --sort -committerdate --format %(refname) %(objectname) %(*objectname)
> git remote --verbose
> git config --get commit.template
> git status -z -u
> git symbolic-ref --short HEAD
> git for-each-ref --format=%(refname)%00%(upstream:short)%00%(upstream:track)%00%(objectname) refs/heads/master refs/remotes/master
> git for-each-ref --sort -committerdate --format %(refname) %(objectname) %(*objectname)
> git remote --verbose
> git config --get commit.template
> git log --format=%H%n%aN%n%aE%n%at%n%ct%n%P%n%B -z -n21 -- /home/theorytoe/Code/sire-py/cogs/redditScraper.py
> git status -z -u
> git symbolic-ref --short HEAD
> git for-each-ref --format=%(refname)%00%(upstream:short)%00%(upstream:track)%00%(objectname) refs/heads/master refs/remotes/master
> git for-each-ref --sort -committerdate --format %(refname) %(objectname) %(*objectname)
> git remote --verbose
> git config --get commit.template
> git show --textconv :.env
> git ls-files --stage -- /home/theorytoe/Code/sire-py/.env
> git status -z -u
> git symbolic-ref --short HEAD
> git for-each-ref --format=%(refname)%00%(upstream:short)%00%(upstream:track)%00%(objectname) refs/heads/master refs/remotes/master
> git for-each-ref --sort -committerdate --format %(refname) %(objectname) %(*objectname)
> git remote --verbose
> git config --get commit.template
> git show --textconv :setup.sh
> git ls-files --stage -- /home/theorytoe/Code/sire-py/setup.sh
> git cat-file -s cf018293ddb049ee64631afdd33e8dafdf2fbd0f
> git status -z -u
> git symbolic-ref --short HEAD
> git for-each-ref --format=%(refname)%00%(upstream:short)%00%(upstream:track)%00%(objectname) refs/heads/master refs/remotes/master
> git for-each-ref --sort -committerdate --format %(refname) %(objectname) %(*objectname)
> git remote --verbose
> git config --get commit.template
> git show --textconv :.env
> git ls-files --stage -- /home/theorytoe/Code/sire-py/.env
> git show --textconv :cogs/redditScraper.py
> git ls-files --stage -- /home/theorytoe/Code/sire-py/cogs/redditScraper.py
> git status -z -u
> git symbolic-ref --short HEAD
> git for-each-ref --format=%(refname)%00%(upstream:short)%00%(upstream:track)%00%(objectname) refs/heads/master refs/remotes/master
> git for-each-ref --sort -committerdate --format %(refname) %(objectname) %(*objectname)
> git remote --verbose
> git config --get commit.template
> git status -z -u
> git symbolic-ref --short HEAD
> git for-each-ref --format=%(refname)%00%(upstream:short)%00%(upstream:track)%00%(objectname) refs/heads/master refs/remotes/master
> git for-each-ref --sort -committerdate --format %(refname) %(objectname) %(*objectname)
> git remote --verbose
> git config --get commit.template
> git check-ignore -v -z --stdin
> git status -z -u
> git symbolic-ref --short HEAD
> git for-each-ref --format=%(refname)%00%(upstream:short)%00%(upstream:track)%00%(objectname) refs/heads/master refs/remotes/master
> git for-each-ref --sort -committerdate --format %(refname) %(objectname) %(*objectname)
> git remote --verbose
> git config --get commit.template
> git status -z -u
> git symbolic-ref --short HEAD
> git for-each-ref --format=%(refname)%00%(upstream:short)%00%(upstream:track)%00%(objectname) refs/heads/master refs/remotes/master
> git for-each-ref --sort -committerdate --format %(refname) %(objectname) %(*objectname)
> git remote --verbose
> git config --get commit.template
> git show --textconv :.env
> git ls-files --stage -- /home/theorytoe/Code/sire-py/.env
> git status -z -u
> git symbolic-ref --short HEAD
> git for-each-ref --format=%(refname)%00%(upstream:short)%00%(upstream:track)%00%(objectname) refs/heads/master refs/remotes/master
> git for-each-ref --sort -committerdate --format %(refname) %(objectname) %(*objectname)
> git remote --verbose
> git config --get commit.template
> git show --textconv :cogs/redditScraper.py
> git ls-files --stage -- /home/theorytoe/Code/sire-py/cogs/redditScraper.py
> git status -z -u
> git symbolic-ref --short HEAD
> git for-each-ref --format=%(refname)%00%(upstream:short)%00%(upstream:track)%00%(objectname) refs/heads/master refs/remotes/master
> git for-each-ref --sort -committerdate --format %(refname) %(objectname) %(*objectname)
> git remote --verbose
> git config --get commit.template
> git status -z -u
> git symbolic-ref --short HEAD
> git for-each-ref --format=%(refname)%00%(upstream:short)%00%(upstream:track)%00%(objectname) refs/heads/master refs/remotes/master
> git for-each-ref --sort -committerdate --format %(refname) %(objectname) %(*objectname)
> git remote --verbose
> git config --get commit.template
> git show --textconv :cogs/fetch.py
> git ls-files --stage -- /home/theorytoe/Code/sire-py/cogs/fetch.py
> git cat-file -s 08409ed10f2161777febbf7c9ef104a782aec261
> git status -z -u
> git symbolic-ref --short HEAD
> git for-each-ref --format=%(refname)%00%(upstream:short)%00%(upstream:track)%00%(objectname) refs/heads/master refs/remotes/master
> git for-each-ref --sort -committerdate --format %(refname) %(objectname) %(*objectname)
> git remote --verbose
> git config --get commit.template
> git show --textconv :botutil
> git ls-files --stage -- /home/theorytoe/Code/sire-py/botutil
> git show --textconv :cogs/fetch.py
> git ls-files --stage -- /home/theorytoe/Code/sire-py/cogs/fetch.py
> git cat-file -s 08409ed10f2161777febbf7c9ef104a782aec261
> git status -z -u
> git symbolic-ref --short HEAD
> git for-each-ref --format=%(refname)%00%(upstream:short)%00%(upstream:track)%00%(objectname) refs/heads/master refs/remotes/master
> git for-each-ref --sort -committerdate --format %(refname) %(objectname) %(*objectname)
> git remote --verbose
> git config --get commit.template
> git show --textconv :cogs/redditScraper.py
> git ls-files --stage -- /home/theorytoe/Code/sire-py/cogs/redditScraper.py
> git status -z -u
> git symbolic-ref --short HEAD
> git for-each-ref --format=%(refname)%00%(upstream:short)%00%(upstream:track)%00%(objectname) refs/heads/master refs/remotes/master
> git for-each-ref --sort -committerdate --format %(refname) %(objectname) %(*objectname)
> git remote --verbose
> git config --get commit.template
> git status -z -u
> git symbolic-ref --short HEAD
> git for-each-ref --format=%(refname)%00%(upstream:short)%00%(upstream:track)%00%(objectname) refs/heads/master refs/remotes/master
> git for-each-ref --sort -committerdate --format %(refname) %(objectname) %(*objectname)
> git remote --verbose
> git config --get commit.template
> git check-ignore -v -z --stdin
> git log --format=%H%n%aN%n%aE%n%at%n%ct%n%P%n%B -z -n21 -- /home/theorytoe/Code/sire-py/cogs/redditScraper.py
> git show --textconv :cogs/fetch.py
> git ls-files --stage -- /home/theorytoe/Code/sire-py/cogs/fetch.py
> git cat-file -s 08409ed10f2161777febbf7c9ef104a782aec261
> git show --textconv :cogs/redditScraper.py
> git ls-files --stage -- /home/theorytoe/Code/sire-py/cogs/redditScraper.py
> git status -z -u
> git symbolic-ref --short HEAD
> git for-each-ref --format=%(refname)%00%(upstream:short)%00%(upstream:track)%00%(objectname) refs/heads/master refs/remotes/master
> git for-each-ref --sort -committerdate --format %(refname) %(objectname) %(*objectname)
> git remote --verbose
> git config --get commit.template
> git show --textconv :setup.sh
> git ls-files --stage -- /home/theorytoe/Code/sire-py/setup.sh
> git cat-file -s cf018293ddb049ee64631afdd33e8dafdf2fbd0f
> git status -z -u
> git symbolic-ref --short HEAD
> git for-each-ref --format=%(refname)%00%(upstream:short)%00%(upstream:track)%00%(objectname) refs/heads/master refs/remotes/master
> git for-each-ref --sort -committerdate --format %(refname) %(objectname) %(*objectname)
> git remote --verbose
> git config --get commit.template
> git show --textconv :.gitignore
> git ls-files --stage -- /home/theorytoe/Code/sire-py/.gitignore
> git cat-file -s 49a4ba2ca13708b57589104f92cddc3ba2a1c824
> git show --textconv :setup.sh
> git ls-files --stage -- /home/theorytoe/Code/sire-py/setup.sh
> git cat-file -s cf018293ddb049ee64631afdd33e8dafdf2fbd0f
git.getSCMResource.uri file:///home/theorytoe/Code/sire-py/setup.sh
repo root /home/theorytoe/Code/sire-py
> git show --textconv HEAD:setup.sh
> git ls-tree -l HEAD -- /home/theorytoe/Code/sire-py/setup.sh
> git log --format=%H%n%aN%n%aE%n%at%n%ct%n%P%n%B -z -n21 -- /home/theorytoe/Code/sire-py/setup.sh
> git show --textconv :setup.sh
> git ls-files --stage -- /home/theorytoe/Code/sire-py/setup.sh
> git cat-file -s cf018293ddb049ee64631afdd33e8dafdf2fbd0f
> git show --textconv :cogs/fetch.py
> git ls-files --stage -- /home/theorytoe/Code/sire-py/cogs/fetch.py
> git cat-file -s 08409ed10f2161777febbf7c9ef104a782aec261
> git show --textconv :cogs/redditScraper.py
> git ls-files --stage -- /home/theorytoe/Code/sire-py/cogs/redditScraper.py
> git status -z -u
> git symbolic-ref --short HEAD
> git for-each-ref --format=%(refname)%00%(upstream:short)%00%(upstream:track)%00%(objectname) refs/heads/master refs/remotes/master
> git for-each-ref --sort -committerdate --format %(refname) %(objectname) %(*objectname)
> git remote --verbose
> git config --get commit.template
> git show --textconv :cogs/modtools.py
> git ls-files --stage -- /home/theorytoe/Code/sire-py/cogs/modtools.py
> git cat-file -s 0a2df92cdb8a4943c930e9e4fe94f3032df503a9
> git status -z -u
> git symbolic-ref --short HEAD
> git for-each-ref --format=%(refname)%00%(upstream:short)%00%(upstream:track)%00%(objectname) refs/heads/master refs/remotes/master
> git for-each-ref --sort -committerdate --format %(refname) %(objectname) %(*objectname)
> git remote --verbose
> git config --get commit.template
> git status -z -u
> git symbolic-ref --short HEAD
> git for-each-ref --format=%(refname)%00%(upstream:short)%00%(upstream:track)%00%(objectname) refs/heads/master refs/remotes/master
> git for-each-ref --sort -committerdate --format %(refname) %(objectname) %(*objectname)
> git remote --verbose
> git config --get commit.template
git.stage 1
git.stage.scmResources 1
> git add -A -- /home/theorytoe/Code/sire-py/cogs/modtools.py
> git status -z -u
> git symbolic-ref --short HEAD
> git for-each-ref --format=%(refname)%00%(upstream:short)%00%(upstream:track)%00%(objectname) refs/heads/master refs/remotes/master
> git for-each-ref --sort -committerdate --format %(refname) %(objectname) %(*objectname)
> git remote --verbose
> git config --get commit.template
> git ls-files --stage -- /home/theorytoe/Code/sire-py/cogs/modtools.py
> git cat-file -s 55851f6b5c0667ea07343484b5ed3eda793679f0
> git show --textconv :cogs/modtools.py
> git status -z -u
> git symbolic-ref --short HEAD
> git for-each-ref --format=%(refname)%00%(upstream:short)%00%(upstream:track)%00%(objectname) refs/heads/master refs/remotes/master
> git for-each-ref --sort -committerdate --format %(refname) %(objectname) %(*objectname)
> git remote --verbose
> git config --get commit.template
git.stage 1
git.stage.scmResources 1
> git add -A -- /home/theorytoe/Code/sire-py/cogs/redditScraper.py
> git status -z -u
> git symbolic-ref --short HEAD
> git for-each-ref --format=%(refname)%00%(upstream:short)%00%(upstream:track)%00%(objectname) refs/heads/master refs/remotes/master
> git for-each-ref --sort -committerdate --format %(refname) %(objectname) %(*objectname)
> git remote --verbose
> git config --get commit.template
> git ls-files --stage -- /home/theorytoe/Code/sire-py/cogs/modtools.py
> git cat-file -s 55851f6b5c0667ea07343484b5ed3eda793679f0
> git show --textconv :cogs/modtools.py
> git status -z -u
> git symbolic-ref --short HEAD
> git for-each-ref --format=%(refname)%00%(upstream:short)%00%(upstream:track)%00%(objectname) refs/heads/master refs/remotes/master
> git for-each-ref --sort -committerdate --format %(refname) %(objectname) %(*objectname)
> git remote --verbose
> git config --get commit.template
git.stage 1
git.stage.scmResources 1
> git add -A -- /home/theorytoe/Code/sire-py/setup.sh
> git status -z -u
> git symbolic-ref --short HEAD
> git for-each-ref --format=%(refname)%00%(upstream:short)%00%(upstream:track)%00%(objectname) refs/heads/master refs/remotes/master
> git for-each-ref --sort -committerdate --format %(refname) %(objectname) %(*objectname)
> git remote --verbose
> git config --get commit.template
> git ls-files --stage -- /home/theorytoe/Code/sire-py/cogs/modtools.py
> git cat-file -s 55851f6b5c0667ea07343484b5ed3eda793679f0
> git show --textconv :cogs/modtools.py
git.stage 1
git.stage.scmResources 1
> git add -A -- /home/theorytoe/Code/sire-py/launch.sh
> git status -z -u
> git symbolic-ref --short HEAD
> git for-each-ref --format=%(refname)%00%(upstream:short)%00%(upstream:track)%00%(objectname) refs/heads/master refs/remotes/master
> git for-each-ref --sort -committerdate --format %(refname) %(objectname) %(*objectname)
> git remote --verbose
> git config --get commit.template
> git status -z -u
> git symbolic-ref --short HEAD
> git for-each-ref --format=%(refname)%00%(upstream:short)%00%(upstream:track)%00%(objectname) refs/heads/master refs/remotes/master
> git for-each-ref --sort -committerdate --format %(refname) %(objectname) %(*objectname)
> git remote --verbose
> git ls-files --stage -- /home/theorytoe/Code/sire-py/cogs/modtools.py
> git config --get commit.template
> git cat-file -s 55851f6b5c0667ea07343484b5ed3eda793679f0
> git show --textconv :cogs/modtools.py
> git status -z -u
> git ls-files --stage -- /home/theorytoe/Code/sire-py/cogs/modtools.py
> git symbolic-ref --short HEAD
> git cat-file -s 55851f6b5c0667ea07343484b5ed3eda793679f0
> git for-each-ref --format=%(refname)%00%(upstream:short)%00%(upstream:track)%00%(objectname) refs/heads/master refs/remotes/master
> git for-each-ref --sort -committerdate --format %(refname) %(objectname) %(*objectname)
> git remote --verbose
> git show --textconv :cogs/modtools.py
> git config --get commit.template
> git config --local branch.master.github-pr-owner-number
> git show --textconv :cogs/fun.py
> git ls-files --stage -- /home/theorytoe/Code/sire-py/cogs/fun.py
> git cat-file -s 23cf6c86a6c1ed6e53c126d4b6eeb96250e1b36e
> git status -z -u
> git symbolic-ref --short HEAD
> git for-each-ref --format=%(refname)%00%(upstream:short)%00%(upstream:track)%00%(objectname) refs/heads/master refs/remotes/master
> git for-each-ref --sort -committerdate --format %(refname) %(objectname) %(*objectname)
> git remote --verbose
> git config --get commit.template
> git show --textconv :README.md
> git ls-files --stage -- /home/theorytoe/Code/sire-py/README.md
> git cat-file -s 772b9a652a85c1f84ccfb8b8da80659da4f02f0b
> git status -z -u
> git symbolic-ref --short HEAD
> git for-each-ref --format=%(refname)%00%(upstream:short)%00%(upstream:track)%00%(objectname) refs/heads/master refs/remotes/master
> git for-each-ref --sort -committerdate --format %(refname) %(objectname) %(*objectname)
> git remote --verbose
> git config --get commit.template
> git status -z -u
> git symbolic-ref --short HEAD
> git for-each-ref --format=%(refname)%00%(upstream:short)%00%(upstream:track)%00%(objectname) refs/heads/master refs/remotes/master
> git for-each-ref --sort -committerdate --format %(refname) %(objectname) %(*objectname)
> git remote --verbose
> git config --get commit.template
> git ls-files --stage -- /home/theorytoe/Code/sire-py/README.md
> git cat-file -s 4e12faa9c8881c6d80bf5a32444cf9c72b46c043
> git show --textconv :README.md
> git status -z -u
> git symbolic-ref --short HEAD
> git for-each-ref --format=%(refname)%00%(upstream:short)%00%(upstream:track)%00%(objectname) refs/heads/master refs/remotes/master
> git for-each-ref --sort -committerdate --format %(refname) %(objectname) %(*objectname)
> git remote --verbose
> git config --get commit.template
> git status -z -u
> git symbolic-ref --short HEAD
> git for-each-ref --format=%(refname)%00%(upstream:short)%00%(upstream:track)%00%(objectname) refs/heads/master refs/remotes/master
> git for-each-ref --sort -committerdate --format %(refname) %(objectname) %(*objectname)
> git remote --verbose
> git config --get commit.template
> git config --local branch.master.github-pr-owner-number
> git ls-files --stage -- /home/theorytoe/Code/sire-py/README.md
> git cat-file -s 4e12faa9c8881c6d80bf5a32444cf9c72b46c043
> git show --textconv :README.md
> git status -z -u
> git symbolic-ref --short HEAD
> git for-each-ref --format=%(refname)%00%(upstream:short)%00%(upstream:track)%00%(objectname) refs/heads/master refs/remotes/master
> git for-each-ref --sort -committerdate --format %(refname) %(objectname) %(*objectname)
> git remote --verbose
> git config --get commit.template
> git status -z -u
> git symbolic-ref --short HEAD
> git for-each-ref --format=%(refname)%00%(upstream:short)%00%(upstream:track)%00%(objectname) refs/heads/master refs/remotes/master
> git for-each-ref --sort -committerdate --format %(refname) %(objectname) %(*objectname)
> git remote --verbose
> git config --get commit.template
> git config --local branch.master.github-pr-owner-number
> git ls-files --stage -- /home/theorytoe/Code/sire-py/README.md
> git cat-file -s 4e12faa9c8881c6d80bf5a32444cf9c72b46c043
> git show --textconv :README.md
> git status -z -u
> git symbolic-ref --short HEAD
> git for-each-ref --format=%(refname)%00%(upstream:short)%00%(upstream:track)%00%(objectname) refs/heads/master refs/remotes/master
> git for-each-ref --sort -committerdate --format %(refname) %(objectname) %(*objectname)
> git remote --verbose
> git config --get commit.template
> git status -z -u
> git symbolic-ref --short HEAD
> git for-each-ref --format=%(refname)%00%(upstream:short)%00%(upstream:track)%00%(objectname) refs/heads/master refs/remotes/master
> git for-each-ref --sort -committerdate --format %(refname) %(objectname) %(*objectname)
> git remote --verbose
> git config --get commit.template
> git show --textconv :requirements.txt
> git ls-files --stage -- /home/theorytoe/Code/sire-py/requirements.txt
> git cat-file -s 5e6c76e667f8185f7fe0d3d7376a30883781a975
> git status -z -u
> git symbolic-ref --short HEAD
> git for-each-ref --format=%(refname)%00%(upstream:short)%00%(upstream:track)%00%(objectname) refs/heads/master refs/remotes/master
> git for-each-ref --sort -committerdate --format %(refname) %(objectname) %(*objectname)
> git remote --verbose
> git config --get commit.template
> git ls-files --stage -- /home/theorytoe/Code/sire-py/requirements.txt
> git cat-file -s 5e6c76e667f8185f7fe0d3d7376a30883781a975
> git show --textconv :requirements.txt
> git status -z -u
> git symbolic-ref --short HEAD
> git for-each-ref --format=%(refname)%00%(upstream:short)%00%(upstream:track)%00%(objectname) refs/heads/master refs/remotes/master
> git for-each-ref --sort -committerdate --format %(refname) %(objectname) %(*objectname)
> git remote --verbose
> git config --get commit.template
> git ls-files --stage -- /home/theorytoe/Code/sire-py/requirements.txt
> git cat-file -s 5e6c76e667f8185f7fe0d3d7376a30883781a975
> git show --textconv :requirements.txt
> git status -z -u
> git symbolic-ref --short HEAD
> git for-each-ref --format=%(refname)%00%(upstream:short)%00%(upstream:track)%00%(objectname) refs/heads/master refs/remotes/master
> git for-each-ref --sort -committerdate --format %(refname) %(objectname) %(*objectname)
> git remote --verbose
> git config --get commit.template
> git show --textconv :README.md
> git ls-files --stage -- /home/theorytoe/Code/sire-py/README.md
> git cat-file -s 4e12faa9c8881c6d80bf5a32444cf9c72b46c043
> git show --textconv :requirements.txt
> git ls-files --stage -- /home/theorytoe/Code/sire-py/requirements.txt
> git cat-file -s 5e6c76e667f8185f7fe0d3d7376a30883781a975
> git status -z -u
> git symbolic-ref --short HEAD
> git for-each-ref --format=%(refname)%00%(upstream:short)%00%(upstream:track)%00%(objectname) refs/heads/master refs/remotes/master
> git for-each-ref --sort -committerdate --format %(refname) %(objectname) %(*objectname)
> git remote --verbose
> git config --get commit.template
> git show --textconv :README.md
> git ls-files --stage -- /home/theorytoe/Code/sire-py/README.md
> git cat-file -s 4e12faa9c8881c6d80bf5a32444cf9c72b46c043
> git show --textconv :requirements.txt
> git ls-files --stage -- /home/theorytoe/Code/sire-py/requirements.txt
> git cat-file -s 5e6c76e667f8185f7fe0d3d7376a30883781a975
> git show --textconv :cogs/redditScraper.py
> git ls-files --stage -- /home/theorytoe/Code/sire-py/cogs/redditScraper.py
> git cat-file -s 8450b8014150b1917846e28d238341aa4a38c946
> git status -z -u
> git symbolic-ref --short HEAD
> git for-each-ref --format=%(refname)%00%(upstream:short)%00%(upstream:track)%00%(objectname) refs/heads/master refs/remotes/master
> git for-each-ref --sort -committerdate --format %(refname) %(objectname) %(*objectname)
> git remote --verbose
> git config --get commit.template
> git status -z -u
> git symbolic-ref --short HEAD
> git for-each-ref --format=%(refname)%00%(upstream:short)%00%(upstream:track)%00%(objectname) refs/heads/master refs/remotes/master
> git for-each-ref --sort -committerdate --format %(refname) %(objectname) %(*objectname)
> git remote --verbose
> git config --get commit.template
> git status -z -u
> git symbolic-ref --short HEAD
> git for-each-ref --format=%(refname)%00%(upstream:short)%00%(upstream:track)%00%(objectname) refs/heads/master refs/remotes/master
> git for-each-ref --sort -committerdate --format %(refname) %(objectname) %(*objectname)
> git remote --verbose
> git config --get commit.template
> git status -z -u
> git symbolic-ref --short HEAD
> git for-each-ref --format=%(refname)%00%(upstream:short)%00%(upstream:track)%00%(objectname) refs/heads/master refs/remotes/master
> git for-each-ref --sort -committerdate --format %(refname) %(objectname) %(*objectname)
> git remote --verbose
> git config --get commit.template
> git status -z -u
> git symbolic-ref --short HEAD
> git for-each-ref --format=%(refname)%00%(upstream:short)%00%(upstream:track)%00%(objectname) refs/heads/master refs/remotes/master
> git for-each-ref --sort -committerdate --format %(refname) %(objectname) %(*objectname)
> git remote --verbose
> git config --get commit.template
> git status -z -u
> git symbolic-ref --short HEAD
> git for-each-ref --format=%(refname)%00%(upstream:short)%00%(upstream:track)%00%(objectname) refs/heads/master refs/remotes/master
> git for-each-ref --sort -committerdate --format %(refname) %(objectname) %(*objectname)
> git remote --verbose
> git config --get commit.template
> git ls-files --stage -- /home/theorytoe/Code/sire-py/cogs/redditScraper.py
> git cat-file -s 8450b8014150b1917846e28d238341aa4a38c946
> git show --textconv :cogs/redditScraper.py
> git status -z -u
> git symbolic-ref --short HEAD
> git for-each-ref --format=%(refname)%00%(upstream:short)%00%(upstream:track)%00%(objectname) refs/heads/master refs/remotes/master
> git for-each-ref --sort -committerdate --format %(refname) %(objectname) %(*objectname)
> git remote --verbose
> git config --get commit.template
> git ls-files --stage -- /home/theorytoe/Code/sire-py/cogs/redditScraper.py
> git cat-file -s 8450b8014150b1917846e28d238341aa4a38c946
> git show --textconv :cogs/redditScraper.py
> git status -z -u
> git symbolic-ref --short HEAD
> git for-each-ref --format=%(refname)%00%(upstream:short)%00%(upstream:track)%00%(objectname) refs/heads/master refs/remotes/master
> git for-each-ref --sort -committerdate --format %(refname) %(objectname) %(*objectname)
> git remote --verbose
> git config --get commit.template
> git status -z -u
> git symbolic-ref --short HEAD
> git for-each-ref --format=%(refname)%00%(upstream:short)%00%(upstream:track)%00%(objectname) refs/heads/master refs/remotes/master
> git for-each-ref --sort -committerdate --format %(refname) %(objectname) %(*objectname)
> git remote --verbose
> git config --get commit.template
> git ls-files --stage -- /home/theorytoe/Code/sire-py/cogs/redditScraper.py
> git cat-file -s 8450b8014150b1917846e28d238341aa4a38c946
> git show --textconv :cogs/redditScraper.py
> git status -z -u
> git symbolic-ref --short HEAD
> git for-each-ref --format=%(refname)%00%(upstream:short)%00%(upstream:track)%00%(objectname) refs/heads/master refs/remotes/master
> git for-each-ref --sort -committerdate --format %(refname) %(objectname) %(*objectname)
> git remote --verbose
> git config --get commit.template
> git show --textconv :requirements.txt
> git ls-files --stage -- /home/theorytoe/Code/sire-py/requirements.txt
> git cat-file -s 5e6c76e667f8185f7fe0d3d7376a30883781a975
> git show --textconv :cogs/modtools.py
> git ls-files --stage -- /home/theorytoe/Code/sire-py/cogs/modtools.py
> git cat-file -s 55851f6b5c0667ea07343484b5ed3eda793679f0
> git show --textconv :cogs/fetch.py
> git ls-files --stage -- /home/theorytoe/Code/sire-py/cogs/fetch.py
> git cat-file -s 08409ed10f2161777febbf7c9ef104a782aec261
> git show --textconv :setup.sh
> git ls-files --stage -- /home/theorytoe/Code/sire-py/setup.sh
> git cat-file -s 345fdf65b8e83d8e8d3d1583f5fd3960563f80c0
> git show --textconv :.env
> git ls-files --stage -- /home/theorytoe/Code/sire-py/.env
> git show --textconv :bot.py
> git ls-files --stage -- /home/theorytoe/Code/sire-py/bot.py
> git cat-file -s 564622ed98cf96c81b66fdaf671a14a910eb6b5e
> git status -z -u
> git symbolic-ref --short HEAD
> git for-each-ref --format=%(refname)%00%(upstream:short)%00%(upstream:track)%00%(objectname) refs/heads/master refs/remotes/master
> git for-each-ref --sort -committerdate --format %(refname) %(objectname) %(*objectname)
> git remote --verbose
> git config --get commit.template
> git show --textconv :cogs/redditScraper.py
> git ls-files --stage -- /home/theorytoe/Code/sire-py/cogs/redditScraper.py
> git cat-file -s 8450b8014150b1917846e28d238341aa4a38c946
> git show --textconv :cogs/fetch.py
> git ls-files --stage -- /home/theorytoe/Code/sire-py/cogs/fetch.py
> git cat-file -s 08409ed10f2161777febbf7c9ef104a782aec261
> git status -z -u
> git symbolic-ref --short HEAD
> git for-each-ref --format=%(refname)%00%(upstream:short)%00%(upstream:track)%00%(objectname) refs/heads/master refs/remotes/master
> git for-each-ref --sort -committerdate --format %(refname) %(objectname) %(*objectname)
> git remote --verbose
> git config --get commit.template
> git status -z -u
> git symbolic-ref --short HEAD
> git ls-files --stage -- /home/theorytoe/Code/sire-py/cogs/fetch.py
> git for-each-ref --format=%(refname)%00%(upstream:short)%00%(upstream:track)%00%(objectname) refs/heads/master refs/remotes/master
> git cat-file -s b087c84114af5c82518c70fad8e55fa4dadbd1d8
> git for-each-ref --sort -committerdate --format %(refname) %(objectname) %(*objectname)
> git remote --verbose
> git show --textconv :cogs/fetch.py
> git config --get commit.template
> git config --local branch.master.github-pr-owner-number
> git show --textconv :botutil
> git ls-files --stage -- /home/theorytoe/Code/sire-py/botutil
> git status -z -u
> git symbolic-ref --short HEAD
> git for-each-ref --format=%(refname)%00%(upstream:short)%00%(upstream:track)%00%(objectname) refs/heads/master refs/remotes/master
> git for-each-ref --sort -committerdate --format %(refname) %(objectname) %(*objectname)
> git remote --verbose
> git config --get commit.template
> git show --textconv :.gitignore
> git ls-files --stage -- /home/theorytoe/Code/sire-py/.gitignore
> git cat-file -s 49a4ba2ca13708b57589104f92cddc3ba2a1c824
> git check-ignore -v -z --stdin
> git status -z -u
> git symbolic-ref --short HEAD
> git for-each-ref --format=%(refname)%00%(upstream:short)%00%(upstream:track)%00%(objectname) refs/heads/master refs/remotes/master
> git for-each-ref --sort -committerdate --format %(refname) %(objectname) %(*objectname)
> git remote --verbose
> git config --get commit.template
> git show --textconv :requirements.txt
> git ls-files --stage -- /home/theorytoe/Code/sire-py/requirements.txt
> git cat-file -s 5e6c76e667f8185f7fe0d3d7376a30883781a975
> git status -z -u
> git symbolic-ref --short HEAD
> git ls-files --stage -- /home/theorytoe/Code/sire-py/requirements.txt
> git for-each-ref --format=%(refname)%00%(upstream:short)%00%(upstream:track)%00%(objectname) refs/heads/master refs/remotes/master
> git cat-file -s 4fe9514b5f4ebb7fe44bbbca95392ca28ffbf607
> git for-each-ref --sort -committerdate --format %(refname) %(objectname) %(*objectname)
> git remote --verbose
> git show --textconv :requirements.txt
> git config --get commit.template
> git config --local branch.master.github-pr-owner-number
> git status -z -u
> git symbolic-ref --short HEAD
> git ls-files --stage -- /home/theorytoe/Code/sire-py/requirements.txt
> git cat-file -s 4fe9514b5f4ebb7fe44bbbca95392ca28ffbf607
> git for-each-ref --format=%(refname)%00%(upstream:short)%00%(upstream:track)%00%(objectname) refs/heads/master refs/remotes/master
> git show --textconv :requirements.txt
> git for-each-ref --sort -committerdate --format %(refname) %(objectname) %(*objectname)
> git remote --verbose
> git config --get commit.template
> git config --local branch.master.github-pr-owner-number
> git show --textconv :.gitignore
> git ls-files --stage -- /home/theorytoe/Code/sire-py/.gitignore
> git cat-file -s 49a4ba2ca13708b57589104f92cddc3ba2a1c824
> git status -z -u
> git symbolic-ref --short HEAD
> git for-each-ref --format=%(refname)%00%(upstream:short)%00%(upstream:track)%00%(objectname) refs/heads/master refs/remotes/master
> git for-each-ref --sort -committerdate --format %(refname) %(objectname) %(*objectname)
> git remote --verbose
> git config --get commit.template
> git show --textconv :cogs/redditScraper.py
> git ls-files --stage -- /home/theorytoe/Code/sire-py/cogs/redditScraper.py
> git cat-file -s 8450b8014150b1917846e28d238341aa4a38c946
