User belongs to experiment group 'pythonDiscoveryModuleWithoutWatcher'
Info 2021-05-04 14:12:32: ZMQ install verified.
Info 2021-05-04 14:12:32: id is 9f0a00af-496a-4f70-b499-97a002ec88a6
Error 2021-05-04 14:12:32: extension activation failed [Error: [ms-toolsai.jupyter]: Proposed API is only available when running out of dev or with the following command line switch: --enable-proposed-api ms-toolsai.jupyter
	at g (/usr/lib/code-oss/resources/app/out/vs/workbench/services/extensions/node/extensionHostProcess.js:86:77471)
	at _ (/usr/lib/code-oss/resources/app/out/vs/workbench/services/extensions/node/extensionHostProcess.js:86:77418)
	at Object.onDidChangeCellExecutionState (/usr/lib/code-oss/resources/app/out/vs/workbench/services/extensions/node/extensionHostProcess.js:95:40468)
	at new d (/home/theorytoe/.vscode-oss/extensions/ms-toolsai.jupyter-2021.5.745244803/out/client/extension.js:49:767369)
	at Object.t.resolveInstance (/home/theorytoe/.vscode-oss/extensions/ms-toolsai.jupyter-2021.5.745244803/out/client/extension.js:47:239967)
	at /home/theorytoe/.vscode-oss/extensions/ms-toolsai.jupyter-2021.5.745244803/out/client/extension.js:47:239172
	at Array.map (<anonymous>)
	at Object.t.resolveInstance (/home/theorytoe/.vscode-oss/extensions/ms-toolsai.jupyter-2021.5.745244803/out/client/extension.js:47:239737)
	at /home/theorytoe/.vscode-oss/extensions/ms-toolsai.jupyter-2021.5.745244803/out/client/extension.js:47:239172
	at Array.map (<anonymous>)
	at Object.t.resolveInstance (/home/theorytoe/.vscode-oss/extensions/ms-toolsai.jupyter-2021.5.745244803/out/client/extension.js:47:239737)
	at /home/theorytoe/.vscode-oss/extensions/ms-toolsai.jupyter-2021.5.745244803/out/client/extension.js:47:239172
	at /home/theorytoe/.vscode-oss/extensions/ms-toolsai.jupyter-2021.5.745244803/out/client/extension.js:47:238120
	at Array.map (<anonymous>)
	at /home/theorytoe/.vscode-oss/extensions/ms-toolsai.jupyter-2021.5.745244803/out/client/extension.js:47:238092
	at Array.map (<anonymous>)
	at Object.t.resolveInstance (/home/theorytoe/.vscode-oss/extensions/ms-toolsai.jupyter-2021.5.745244803/out/client/extension.js:47:239737)
	at /home/theorytoe/.vscode-oss/extensions/ms-toolsai.jupyter-2021.5.745244803/out/client/extension.js:47:239172
	at Object.t.resolve (/home/theorytoe/.vscode-oss/extensions/ms-toolsai.jupyter-2021.5.745244803/out/client/extension.js:47:239435)
	at /home/theorytoe/.vscode-oss/extensions/ms-toolsai.jupyter-2021.5.745244803/out/client/extension.js:47:230532
	at e._get (/home/theorytoe/.vscode-oss/extensions/ms-toolsai.jupyter-2021.5.745244803/out/client/extension.js:47:230298)
	at e.get (/home/theorytoe/.vscode-oss/extensions/ms-toolsai.jupyter-2021.5.745244803/out/client/extension.js:47:229010)
	at a.get (/home/theorytoe/.vscode-oss/extensions/ms-toolsai.jupyter-2021.5.745244803/out/client/extension.js:49:818133)
	at /home/theorytoe/.vscode-oss/extensions/ms-toolsai.jupyter-2021.5.745244803/out/client/extension.js:47:273220
	at processTicksAndRejections (internal/process/task_queues.js:97:5)
	at async /home/theorytoe/.vscode-oss/extensions/ms-toolsai.jupyter-2021.5.745244803/out/client/extension.js:32:772805
	at async t.activate (/home/theorytoe/.vscode-oss/extensions/ms-toolsai.jupyter-2021.5.745244803/out/client/extension.js:32:772492)]
Error 2021-05-04 14:12:32: Failed to active the Jupyter Extension [Error: [ms-toolsai.jupyter]: Proposed API is only available when running out of dev or with the following command line switch: --enable-proposed-api ms-toolsai.jupyter
	at g (/usr/lib/code-oss/resources/app/out/vs/workbench/services/extensions/node/extensionHostProcess.js:86:77471)
	at _ (/usr/lib/code-oss/resources/app/out/vs/workbench/services/extensions/node/extensionHostProcess.js:86:77418)
	at Object.onDidChangeCellExecutionState (/usr/lib/code-oss/resources/app/out/vs/workbench/services/extensions/node/extensionHostProcess.js:95:40468)
	at new d (/home/theorytoe/.vscode-oss/extensions/ms-toolsai.jupyter-2021.5.745244803/out/client/extension.js:49:767369)
	at Object.t.resolveInstance (/home/theorytoe/.vscode-oss/extensions/ms-toolsai.jupyter-2021.5.745244803/out/client/extension.js:47:239967)
	at /home/theorytoe/.vscode-oss/extensions/ms-toolsai.jupyter-2021.5.745244803/out/client/extension.js:47:239172
	at Array.map (<anonymous>)
	at Object.t.resolveInstance (/home/theorytoe/.vscode-oss/extensions/ms-toolsai.jupyter-2021.5.745244803/out/client/extension.js:47:239737)
	at /home/theorytoe/.vscode-oss/extensions/ms-toolsai.jupyter-2021.5.745244803/out/client/extension.js:47:239172
	at Array.map (<anonymous>)
	at Object.t.resolveInstance (/home/theorytoe/.vscode-oss/extensions/ms-toolsai.jupyter-2021.5.745244803/out/client/extension.js:47:239737)
	at /home/theorytoe/.vscode-oss/extensions/ms-toolsai.jupyter-2021.5.745244803/out/client/extension.js:47:239172
	at /home/theorytoe/.vscode-oss/extensions/ms-toolsai.jupyter-2021.5.745244803/out/client/extension.js:47:238120
	at Array.map (<anonymous>)
	at /home/theorytoe/.vscode-oss/extensions/ms-toolsai.jupyter-2021.5.745244803/out/client/extension.js:47:238092
	at Array.map (<anonymous>)
	at Object.t.resolveInstance (/home/theorytoe/.vscode-oss/extensions/ms-toolsai.jupyter-2021.5.745244803/out/client/extension.js:47:239737)
	at /home/theorytoe/.vscode-oss/extensions/ms-toolsai.jupyter-2021.5.745244803/out/client/extension.js:47:239172
	at Object.t.resolve (/home/theorytoe/.vscode-oss/extensions/ms-toolsai.jupyter-2021.5.745244803/out/client/extension.js:47:239435)
	at /home/theorytoe/.vscode-oss/extensions/ms-toolsai.jupyter-2021.5.745244803/out/client/extension.js:47:230532
	at e._get (/home/theorytoe/.vscode-oss/extensions/ms-toolsai.jupyter-2021.5.745244803/out/client/extension.js:47:230298)
	at e.get (/home/theorytoe/.vscode-oss/extensions/ms-toolsai.jupyter-2021.5.745244803/out/client/extension.js:47:229010)
	at a.get (/home/theorytoe/.vscode-oss/extensions/ms-toolsai.jupyter-2021.5.745244803/out/client/extension.js:49:818133)
	at /home/theorytoe/.vscode-oss/extensions/ms-toolsai.jupyter-2021.5.745244803/out/client/extension.js:47:273220
	at processTicksAndRejections (internal/process/task_queues.js:97:5)
	at async /home/theorytoe/.vscode-oss/extensions/ms-toolsai.jupyter-2021.5.745244803/out/client/extension.js:32:772805
	at async t.activate (/home/theorytoe/.vscode-oss/extensions/ms-toolsai.jupyter-2021.5.745244803/out/client/extension.js:32:772492)]
Info 2021-05-04 14:12:33: Found existing keyfile at /home/theorytoe/.config/Code - OSS/User/globalStorage/ms-toolsai.jupyter/nbsecret
Info 2021-05-04 14:32:14: Shutting down notebooks for 3800db0b-e28c-4d83-beae-def165624058
Info 2021-05-04 14:32:14: Disposing HostJupyterExecution bdfc232b-0dc0-4ee9-a70d-ae0287607bc6
Info 2021-05-04 14:32:14: Disposing super HostJupyterExecution bdfc232b-0dc0-4ee9-a70d-ae0287607bc6
Info 2021-05-04 14:32:14: Disposing HostJupyterExecution bdfc232b-0dc0-4ee9-a70d-ae0287607bc6
Info 2021-05-04 14:32:14: Finished disposing HostJupyterExecution  bdfc232b-0dc0-4ee9-a70d-ae0287607bc6
Info 2021-05-04 14:32:14: Disposing HostJupyterExecution bdfc232b-0dc0-4ee9-a70d-ae0287607bc6
Info 2021-05-04 14:32:14: Finished disposing HostJupyterExecution  bdfc232b-0dc0-4ee9-a70d-ae0287607bc6
Info 2021-05-04 14:32:14: Getting live share API during dispose HostJupyterExecution bdfc232b-0dc0-4ee9-a70d-ae0287607bc6
Info 2021-05-04 14:32:14: Detaching HostJupyterExecution bdfc232b-0dc0-4ee9-a70d-ae0287607bc6
Info 2021-05-04 14:32:14: Cleaning up server cache bdfc232b-0dc0-4ee9-a70d-ae0287607bc6
Info 2021-05-04 14:32:14: Finished disposing HostJupyterExecution  bdfc232b-0dc0-4ee9-a70d-ae0287607bc6
