Looking for git in: git
Using git 2.31.1 from git
> git rev-parse --git-dir
Open repository: /home/theorytoe/dotfiles
> git status -z -u
> git symbolic-ref --short HEAD
> git for-each-ref --format=%(refname)%00%(upstream:short)%00%(upstream:track)%00%(objectname) refs/heads/master refs/remotes/master
> git for-each-ref --sort -committerdate --format %(refname) %(objectname) %(*objectname)
> git remote --verbose
> git config --get commit.template
> git config --local branch.master.github-pr-owner-number
> git check-ignore -v -z --stdin
> git config --local branch.master.github-pr-owner-number
> git show --textconv :dotutil.bash
> git ls-files --stage -- /home/theorytoe/dotfiles/dotutil.bash
> git show --textconv :.gitignore
> git ls-files --stage -- /home/theorytoe/dotfiles/.gitignore
> git check-ignore -v -z --stdin
> git status -z -u
> git symbolic-ref --short HEAD
> git for-each-ref --format=%(refname)%00%(upstream:short)%00%(upstream:track)%00%(objectname) refs/heads/master refs/remotes/master
> git for-each-ref --sort -committerdate --format %(refname) %(objectname) %(*objectname)
> git remote --verbose
> git config --get commit.template
> git show --textconv :README.md
> git ls-files --stage -- /home/theorytoe/dotfiles/README.md
> git cat-file -s c345479b7129bb6751230198e3041de111589a6d
> git show --textconv :README.md
> git ls-files --stage -- /home/theorytoe/dotfiles/README.md
> git cat-file -s c345479b7129bb6751230198e3041de111589a6d
> git check-ignore -v -z --stdin
> git status -z -u
> git symbolic-ref --short HEAD
> git for-each-ref --format=%(refname)%00%(upstream:short)%00%(upstream:track)%00%(objectname) refs/heads/master refs/remotes/master
> git for-each-ref --sort -committerdate --format %(refname) %(objectname) %(*objectname)
> git remote --verbose
> git config --get commit.template
> git show --textconv :README.md
> git ls-files --stage -- /home/theorytoe/dotfiles/README.md
> git cat-file -s c345479b7129bb6751230198e3041de111589a6d
> git show --textconv :build_history/history.md
> git ls-files --stage -- /home/theorytoe/dotfiles/build_history/history.md
> git check-ignore -v -z --stdin
> git status -z -u
> git symbolic-ref --short HEAD
> git for-each-ref --format=%(refname)%00%(upstream:short)%00%(upstream:track)%00%(objectname) refs/heads/master refs/remotes/master
> git for-each-ref --sort -committerdate --format %(refname) %(objectname) %(*objectname)
> git remote --verbose
> git config --get commit.template
> git show --textconv :rice_log/history.md
> git ls-files --stage -- /home/theorytoe/dotfiles/rice_log/history.md
> git check-ignore -v -z --stdin
> git status -z -u
> git symbolic-ref --short HEAD
> git for-each-ref --format=%(refname)%00%(upstream:short)%00%(upstream:track)%00%(objectname) refs/heads/master refs/remotes/master
> git for-each-ref --sort -committerdate --format %(refname) %(objectname) %(*objectname)
> git remote --verbose
> git config --get commit.template
> git check-ignore -v -z --stdin
> git show --textconv :dunst/launch.sh
> git ls-files --stage -- /home/theorytoe/dotfiles/dunst/launch.sh
> git cat-file -s 8171f655b201a81931b5d8e5a1644bb140c6bd2e
> git status -z -u
> git symbolic-ref --short HEAD
> git for-each-ref --format=%(refname)%00%(upstream:short)%00%(upstream:track)%00%(objectname) refs/heads/master refs/remotes/master
> git for-each-ref --sort -committerdate --format %(refname) %(objectname) %(*objectname)
> git remote --verbose
> git config --get commit.template
> git show --textconv :rice_log/history.md
> git ls-files --stage -- /home/theorytoe/dotfiles/rice_log/history.md
> git status -z -u
> git symbolic-ref --short HEAD
> git for-each-ref --format=%(refname)%00%(upstream:short)%00%(upstream:track)%00%(objectname) refs/heads/master refs/remotes/master
> git for-each-ref --sort -committerdate --format %(refname) %(objectname) %(*objectname)
> git remote --verbose
> git config --get commit.template
> git status -z -u
> git symbolic-ref --short HEAD
> git for-each-ref --format=%(refname)%00%(upstream:short)%00%(upstream:track)%00%(objectname) refs/heads/master refs/remotes/master
> git for-each-ref --sort -committerdate --format %(refname) %(objectname) %(*objectname)
> git remote --verbose
> git config --get commit.template
> git check-ignore -v -z --stdin
> git show --textconv :update.sh
> git ls-files --stage -- /home/theorytoe/dotfiles/update.sh
> git show --textconv :dotutil.bash
> git ls-files --stage -- /home/theorytoe/dotfiles/dotutil.bash
