User belongs to experiment group 'pythonaacf'
User belongs to experiment group 'pythonDiscoveryModuleWithoutWatcher'
User belongs to experiment group 'pythonTensorboardExperiment'
User belongs to experiment group 'CollectLSRequestTiming - control'
User belongs to experiment group 'CollectNodeLSRequestTiming - experiment'
Error 2021-05-04 14:12:36: Failed to check if file needs to be fixed [EntryNotFound (FileSystemError): Unable to read file '/home/theorytoe/.config/Code/User/settings.json' (Error: Unable to resolve non-existing file '/home/theorytoe/.config/Code/User/settings.json')
	at _handleError (/usr/lib/code-oss/resources/app/out/vs/workbench/services/extensions/node/extensionHostProcess.js:86:154942)
	at processTicksAndRejections (internal/process/task_queues.js:97:5)
	at async y.readText (/home/theorytoe/.vscode-oss/extensions/ms-python.python-2021.4.765268190/out/client/extension.js:9:339523)
	at async p.doesFileNeedToBeFixed (/home/theorytoe/.vscode-oss/extensions/ms-python.python-2021.4.765268190/out/client/extension.js:59:577126)
	at async /home/theorytoe/.vscode-oss/extensions/ms-python.python-2021.4.765268190/out/client/extension.js:59:576253
	at async Promise.all (index 0)
	at async p.getFilesToBeFixed (/home/theorytoe/.vscode-oss/extensions/ms-python.python-2021.4.765268190/out/client/extension.js:59:576199)
	at async p.updateTestSettings (/home/theorytoe/.vscode-oss/extensions/ms-python.python-2021.4.765268190/out/client/extension.js:59:575826)] {
  code: 'FileNotFound'
}
Error 2021-05-04 14:12:36: Failed to check if file needs to be fixed [EntryNotFound (FileSystemError): Unable to read file '/home/theorytoe/Code/sire-py/.vscode/settings.json' (Error: Unable to resolve non-existing file '/home/theorytoe/Code/sire-py/.vscode/settings.json')
	at _handleError (/usr/lib/code-oss/resources/app/out/vs/workbench/services/extensions/node/extensionHostProcess.js:86:154942)
	at processTicksAndRejections (internal/process/task_queues.js:97:5)
	at async y.readText (/home/theorytoe/.vscode-oss/extensions/ms-python.python-2021.4.765268190/out/client/extension.js:9:339523)
	at async p.doesFileNeedToBeFixed (/home/theorytoe/.vscode-oss/extensions/ms-python.python-2021.4.765268190/out/client/extension.js:59:577126)
	at async /home/theorytoe/.vscode-oss/extensions/ms-python.python-2021.4.765268190/out/client/extension.js:59:576253
	at async Promise.all (index 1)
	at async p.getFilesToBeFixed (/home/theorytoe/.vscode-oss/extensions/ms-python.python-2021.4.765268190/out/client/extension.js:59:576199)
	at async p.updateTestSettings (/home/theorytoe/.vscode-oss/extensions/ms-python.python-2021.4.765268190/out/client/extension.js:59:575826)] {
  code: 'FileNotFound'
}
Python interpreter path: /usr/bin/python
Starting Jedi Python language engine.
> conda --version
> /usr/bin/python ~/.vscode-oss/extensions/ms-python.python-2021.4.765268190/pythonFiles/pyvsc-run-isolated.py -c "import sys;print(sys.prefix)"
cwd: ~/Code/sire-py
> /usr/bin/python ~/.vscode-oss/extensions/ms-python.python-2021.4.765268190/pythonFiles/pyvsc-run-isolated.py -c "import sys;print(sys.prefix)"
cwd: ~/Code/sire-py
> /usr/bin/python ~/.vscode-oss/extensions/ms-python.python-2021.4.765268190/pythonFiles/pyvsc-run-isolated.py -c "import sys;print(sys.executable)"
cwd: ~/Code/sire-py
> /usr/bin/python ~/.vscode-oss/extensions/ms-python.python-2021.4.765268190/pythonFiles/pyvsc-run-isolated.py -c "import sys;print(sys.executable)"
cwd: ~/Code/sire-py
> /usr/bin/python ~/.vscode-oss/extensions/ms-python.python-2021.4.765268190/pythonFiles/pyvsc-run-isolated.py -c "from distutils.sysconfig import get_python_lib; print(get_python_lib())"
cwd: ~/Code/sire-py
> /usr/bin/python ~/.vscode-oss/extensions/ms-python.python-2021.4.765268190/pythonFiles/pyvsc-run-isolated.py -c "from distutils.sysconfig import get_python_lib; print(get_python_lib())"
cwd: ~/Code/sire-py
> /usr/bin/python ~/.vscode-oss/extensions/ms-python.python-2021.4.765268190/pythonFiles/pyvsc-run-isolated.py site --user-site
cwd: ~/Code/sire-py
> /usr/bin/python ~/.vscode-oss/extensions/ms-python.python-2021.4.765268190/pythonFiles/pyvsc-run-isolated.py site --user-site
cwd: ~/Code/sire-py
> /usr/bin/python ~/.vscode-oss/extensions/ms-python.python-2021.4.765268190/pythonFiles/pyvsc-run-isolated.py ~/.vscode-oss/extensions/ms-python.python-2021.4.765268190/pythonFiles/completion.py
> /usr/bin/python ~/.vscode-oss/extensions/ms-python.python-2021.4.765268190/pythonFiles/pyvsc-run-isolated.py ~/.vscode-oss/extensions/ms-python.python-2021.4.765268190/pythonFiles/completion.py
> /usr/bin/python ~/.vscode-oss/extensions/ms-python.python-2021.4.765268190/pythonFiles/pyvsc-run-isolated.py pylint --disable=all --enable=F,unreachable,duplicate-key,unnecessary-semicolon,global-variable-not-assigned,unused-variable,unused-wildcard-import,binary-op-exception,bad-format-string,anomalous-backslash-in-string,bad-open-mode,E0001,E0011,E0012,E0100,E0101,E0102,E0103,E0104,E0105,E0107,E0108,E0110,E0111,E0112,E0113,E0114,E0115,E0116,E0117,E0118,E0202,E0203,E0211,E0213,E0236,E0237,E0238,E0239,E0240,E0241,E0301,E0302,E0303,E0401,E0402,E0601,E0602,E0603,E0604,E0611,E0632,E0633,E0701,E0702,E0703,E0704,E0710,E0711,E0712,E1003,E1101,E1102,E1111,E1120,E1121,E1123,E1124,E1125,E1126,E1127,E1128,E1129,E1130,E1131,E1132,E1133,E1134,E1135,E1136,E1137,E1138,E1139,E1200,E1201,E1205,E1206,E1300,E1301,E1302,E1303,E1304,E1305,E1306,E1310,E1700,E1701 --msg-template='{line},{column},{category},{symbol}:{msg}' --reports=n --output-format=text ~/Code/sire-py/cogs/redditScraper.py
cwd: ~/Code/sire-py
> /usr/bin/python ~/.vscode-oss/extensions/ms-python.python-2021.4.765268190/pythonFiles/pyvsc-run-isolated.py pylint --disable=all --enable=F,unreachable,duplicate-key,unnecessary-semicolon,global-variable-not-assigned,unused-variable,unused-wildcard-import,binary-op-exception,bad-format-string,anomalous-backslash-in-string,bad-open-mode,E0001,E0011,E0012,E0100,E0101,E0102,E0103,E0104,E0105,E0107,E0108,E0110,E0111,E0112,E0113,E0114,E0115,E0116,E0117,E0118,E0202,E0203,E0211,E0213,E0236,E0237,E0238,E0239,E0240,E0241,E0301,E0302,E0303,E0401,E0402,E0601,E0602,E0603,E0604,E0611,E0632,E0633,E0701,E0702,E0703,E0704,E0710,E0711,E0712,E1003,E1101,E1102,E1111,E1120,E1121,E1123,E1124,E1125,E1126,E1127,E1128,E1129,E1130,E1131,E1132,E1133,E1134,E1135,E1136,E1137,E1138,E1139,E1200,E1201,E1205,E1206,E1300,E1301,E1302,E1303,E1304,E1305,E1306,E1310,E1700,E1701 --msg-template='{line},{column},{category},{symbol}:{msg}' --reports=n --output-format=text ~/Code/sire-py/cogs/redditScraper.py
cwd: ~/Code/sire-py
> /usr/bin/python ~/.vscode-oss/extensions/ms-python.python-2021.4.765268190/pythonFiles/pyvsc-run-isolated.py -c "import pylint"
> /usr/bin/python ~/.vscode-oss/extensions/ms-python.python-2021.4.765268190/pythonFiles/pyvsc-run-isolated.py -c "import pylint"
> /usr/bin/python ~/.vscode-oss/extensions/ms-python.python-2021.4.765268190/pythonFiles/pyvsc-run-isolated.py -c "import pylint"
> /usr/bin/python ~/.vscode-oss/extensions/ms-python.python-2021.4.765268190/pythonFiles/pyvsc-run-isolated.py -c "import pylint"

Linter 'pylint' is not installed. Please install it or select another linter".
Error: Module 'pylint' not installed.
Error 2021-05-04 14:12:37: NotInstalledErrorHandler.promptToInstall [Error: Unknown product 3
	at D.createInstaller (/home/theorytoe/.vscode-oss/extensions/ms-python.python-2021.4.765268190/out/client/extension.js:9:485477)
	at D.promptToInstall (/home/theorytoe/.vscode-oss/extensions/ms-python.python-2021.4.765268190/out/client/extension.js:9:484598)
	at processTicksAndRejections (internal/process/task_queues.js:97:5)]
> /usr/bin/python ~/.vscode-oss/extensions/ms-python.python-2021.4.765268190/pythonFiles/pyvsc-run-isolated.py pylint --disable=all --enable=F,unreachable,duplicate-key,unnecessary-semicolon,global-variable-not-assigned,unused-variable,unused-wildcard-import,binary-op-exception,bad-format-string,anomalous-backslash-in-string,bad-open-mode,E0001,E0011,E0012,E0100,E0101,E0102,E0103,E0104,E0105,E0107,E0108,E0110,E0111,E0112,E0113,E0114,E0115,E0116,E0117,E0118,E0202,E0203,E0211,E0213,E0236,E0237,E0238,E0239,E0240,E0241,E0301,E0302,E0303,E0401,E0402,E0601,E0602,E0603,E0604,E0611,E0632,E0633,E0701,E0702,E0703,E0704,E0710,E0711,E0712,E1003,E1101,E1102,E1111,E1120,E1121,E1123,E1124,E1125,E1126,E1127,E1128,E1129,E1130,E1131,E1132,E1133,E1134,E1135,E1136,E1137,E1138,E1139,E1200,E1201,E1205,E1206,E1300,E1301,E1302,E1303,E1304,E1305,E1306,E1310,E1700,E1701 --msg-template='{line},{column},{category},{symbol}:{msg}' --reports=n --output-format=text ~/Code/sire-py/cogs/redditScraper.py
cwd: ~/Code/sire-py
> /usr/bin/python ~/.vscode-oss/extensions/ms-python.python-2021.4.765268190/pythonFiles/pyvsc-run-isolated.py pylint --disable=all --enable=F,unreachable,duplicate-key,unnecessary-semicolon,global-variable-not-assigned,unused-variable,unused-wildcard-import,binary-op-exception,bad-format-string,anomalous-backslash-in-string,bad-open-mode,E0001,E0011,E0012,E0100,E0101,E0102,E0103,E0104,E0105,E0107,E0108,E0110,E0111,E0112,E0113,E0114,E0115,E0116,E0117,E0118,E0202,E0203,E0211,E0213,E0236,E0237,E0238,E0239,E0240,E0241,E0301,E0302,E0303,E0401,E0402,E0601,E0602,E0603,E0604,E0611,E0632,E0633,E0701,E0702,E0703,E0704,E0710,E0711,E0712,E1003,E1101,E1102,E1111,E1120,E1121,E1123,E1124,E1125,E1126,E1127,E1128,E1129,E1130,E1131,E1132,E1133,E1134,E1135,E1136,E1137,E1138,E1139,E1200,E1201,E1205,E1206,E1300,E1301,E1302,E1303,E1304,E1305,E1306,E1310,E1700,E1701 --msg-template='{line},{column},{category},{symbol}:{msg}' --reports=n --output-format=text ~/Code/sire-py/cogs/redditScraper.py
cwd: ~/Code/sire-py
> /usr/bin/python ~/.vscode-oss/extensions/ms-python.python-2021.4.765268190/pythonFiles/pyvsc-run-isolated.py -c "import pylint"
> /usr/bin/python ~/.vscode-oss/extensions/ms-python.python-2021.4.765268190/pythonFiles/pyvsc-run-isolated.py -c "import pylint"
> /usr/bin/python ~/.vscode-oss/extensions/ms-python.python-2021.4.765268190/pythonFiles/pyvsc-run-isolated.py -c "import pylint"
> /usr/bin/python ~/.vscode-oss/extensions/ms-python.python-2021.4.765268190/pythonFiles/pyvsc-run-isolated.py -c "import pylint"

Linter 'pylint' is not installed. Please install it or select another linter".
Error: Module 'pylint' not installed.
Error 2021-05-04 14:12:39: NotInstalledErrorHandler.promptToInstall [Error: Unknown product 3
	at D.createInstaller (/home/theorytoe/.vscode-oss/extensions/ms-python.python-2021.4.765268190/out/client/extension.js:9:485477)
	at D.promptToInstall (/home/theorytoe/.vscode-oss/extensions/ms-python.python-2021.4.765268190/out/client/extension.js:9:484598)
	at runMicrotasks (<anonymous>)
	at processTicksAndRejections (internal/process/task_queues.js:97:5)]
Error 2021-05-04 14:32:14: Error while running worker[Worker 2]. undefined
Error 2021-05-04 14:32:14: Error while running worker[Worker 1]. undefined
