Looking for git in: git
Using git 2.31.1 from git
> git rev-parse --git-dir
Open repository: /home/theorytoe/dotfiles
> git status -z -u
> git symbolic-ref --short HEAD
> git for-each-ref --format=%(refname)%00%(upstream:short)%00%(upstream:track)%00%(objectname) refs/heads/master refs/remotes/master
> git for-each-ref --sort -committerdate --format %(refname) %(objectname) %(*objectname)
> git remote --verbose
> git config --get commit.template
> git check-ignore -v -z --stdin
> git config --local branch.master.github-pr-owner-number
> git show --textconv :README.md
> git ls-files --stage -- /home/theorytoe/dotfiles/README.md
> git cat-file -s 6c722161a78719a39b24a02ff27c89b51e139353
> git show --textconv :README.md
> git ls-files --stage -- /home/theorytoe/dotfiles/README.md
> git cat-file -s 6c722161a78719a39b24a02ff27c89b51e139353
> git show --textconv :.gitignore
> git ls-files --stage -- /home/theorytoe/dotfiles/.gitignore
> git show --textconv :README.md
> git ls-files --stage -- /home/theorytoe/dotfiles/README.md
> git cat-file -s 6c722161a78719a39b24a02ff27c89b51e139353
> git show --textconv :README.md
> git ls-files --stage -- /home/theorytoe/dotfiles/README.md
> git cat-file -s 6c722161a78719a39b24a02ff27c89b51e139353
